<?xml version="1.0" encoding="UTF-8"?>
<testng-results ignored="0" total="6" passed="6" failed="0" skipped="0">
  <reporter-output>
  </reporter-output>
  <suite started-at="2021-12-03T11:26:00 MST" name="Suite" finished-at="2021-12-03T11:26:00 MST" duration-ms="54">
    <groups>
    </groups>
    <test started-at="2021-12-03T11:26:00 MST" name="Test" finished-at="2021-12-03T11:26:00 MST" duration-ms="54">
      <class name="qaclickacademy.AppiumTest">
        <test-method signature="IOSApps()[pri:0, instance:qaclickacademy.AppiumTest@31e5415e]" started-at="2021-12-03T11:26:00 MST" name="IOSApps" finished-at="2021-12-03T11:26:00 MST" duration-ms="16" status="PASS">
          <reporter-output>
          </reporter-output>
        </test-method> <!-- IOSApps -->
        <test-method signature="NativeAppAndroid()[pri:0, instance:qaclickacademy.AppiumTest@31e5415e]" started-at="2021-12-03T11:26:00 MST" name="NativeAppAndroid" finished-at="2021-12-03T11:26:00 MST" duration-ms="0" status="PASS">
          <reporter-output>
          </reporter-output>
        </test-method> <!-- NativeAppAndroid -->
      </class> <!-- qaclickacademy.AppiumTest -->
      <class name="qaclickacademy.RESTAPITest">
        <test-method signature="postJira()[pri:0, instance:qaclickacademy.RESTAPITest@793be5ca]" started-at="2021-12-03T11:26:00 MST" name="postJira" finished-at="2021-12-03T11:26:00 MST" duration-ms="0" status="PASS">
          <reporter-output>
          </reporter-output>
        </test-method> <!-- postJira -->
        <test-method signature="deleteTwitter()[pri:0, instance:qaclickacademy.RESTAPITest@793be5ca]" started-at="2021-12-03T11:26:00 MST" name="deleteTwitter" finished-at="2021-12-03T11:26:00 MST" duration-ms="0" status="PASS">
          <reporter-output>
          </reporter-output>
        </test-method> <!-- deleteTwitter -->
      </class> <!-- qaclickacademy.RESTAPITest -->
      <class name="qaclickacademy.SeleniumTest">
        <test-method signature="BrowserAutomation()[pri:0, instance:qaclickacademy.SeleniumTest@69997e9d]" started-at="2021-12-03T11:26:00 MST" name="BrowserAutomation" finished-at="2021-12-03T11:26:00 MST" duration-ms="0" status="PASS">
          <reporter-output>
          </reporter-output>
        </test-method> <!-- BrowserAutomation -->
        <test-method signature="elementsUi()[pri:0, instance:qaclickacademy.SeleniumTest@69997e9d]" started-at="2021-12-03T11:26:00 MST" name="elementsUi" finished-at="2021-12-03T11:26:00 MST" duration-ms="0" status="PASS">
          <reporter-output>
          </reporter-output>
        </test-method> <!-- elementsUi -->
      </class> <!-- qaclickacademy.SeleniumTest -->
    </test> <!-- Test -->
  </suite> <!-- Suite -->
</testng-results>
